Validation Error	Training Error	
 9.0850e-01	 9.7655e-01	
 7.4558e-01	 8.4121e-01	
 6.5062e-01	 7.2532e-01	
 5.8309e-01	 6.5215e-01	
 5.3208e-01	 6.0275e-01	
 4.9232e-01	 5.6709e-01	
 4.6973e-01	 5.3958e-01	
 4.4269e-01	 5.1832e-01	
 4.2953e-01	 5.0029e-01	
 4.0951e-01	 4.8494e-01	
 3.9449e-01	 4.7195e-01	
 3.8419e-01	 4.6142e-01	
 3.6984e-01	 4.5119e-01	
 3.6621e-01	 4.4251e-01	
 3.5228e-01	 4.3555e-01	
 3.4459e-01	 4.2744e-01	
 3.4106e-01	 4.2180e-01	
 3.3675e-01	 4.1463e-01	
 2.2603e-01	 3.2433e-01	
 2.1354e-01	 3.0463e-01	
 2.1257e-01	 2.9594e-01	
 1.9174e-01	 2.9076e-01	
 1.9227e-01	 2.8580e-01	
 1.7242e-01	 2.8123e-01	
 1.7709e-01	 2.7649e-01	
 1.7056e-01	 2.7177e-01	
 1.6751e-01	 2.6673e-01	
 1.6614e-01	 2.6313e-01	
 1.6156e-01	 2.5882e-01	
 5.8163e-02	 1.4234e-01	
 4.5812e-02	 1.1159e-01	
 3.7220e-02	 9.6671e-02	
 3.1527e-02	 8.7045e-02	
 2.7202e-02	 7.9000e-02	
 2.5164e-02	 7.2508e-02	
 2.2002e-02	 6.7502e-02	
 2.0727e-02	 6.2994e-02	
 1.8568e-02	 5.8575e-02	
 1.6614e-02	 5.5091e-02	
 1.6363e-02	 5.2712e-02	
 1.5765e-02	 4.9400e-02	
 1.4687e-02	 4.7598e-02	
 1.4023e-02	 4.5005e-02	
 1.0406e-02	 3.5698e-02	
 9.7265e-03	 3.2983e-02	
 9.2982e-03	 3.0997e-02	
 8.9185e-03	 2.9882e-02	
 9.2258e-03	 2.8582e-02	
 8.5174e-03	 2.7668e-02	
 8.4759e-03	 2.6808e-02	
 8.2991e-03	 2.5757e-02	
 8.2113e-03	 2.5051e-02	
 7.0864e-03	 2.1209e-02	
 6.9345e-03	 2.0133e-02	
 6.8324e-03	 1.9688e-02	
 6.7648e-03	 1.9317e-02	
 6.6983e-03	 1.8997e-02	
 6.6556e-03	 1.8729e-02	
 6.5488e-03	 1.8575e-02	
 6.5215e-03	 1.8245e-02	
 6.4883e-03	 1.8103e-02	
 6.4456e-03	 1.7991e-02	
 6.4622e-03	 1.7886e-02	
 6.3863e-03	 1.7517e-02	
 6.3720e-03	 1.7502e-02	
 6.3127e-03	 1.7016e-02	
 6.2973e-03	 1.7112e-02	
 6.2617e-03	 1.6691e-02	
 6.1905e-03	 1.6878e-02	
 6.1727e-03	 1.6591e-02	
 6.2012e-03	 1.6390e-02	
 6.1371e-03	 1.6360e-02	
 6.1715e-03	 1.6203e-02	
 6.1288e-03	 1.5980e-02	
 6.0481e-03	 1.6013e-02	
 6.0600e-03	 1.5924e-02	
 6.0576e-03	 1.5916e-02	
 6.0327e-03	 1.5328e-02	
 6.0054e-03	 1.5326e-02	
 6.0255e-03	 1.5204e-02	
 5.9840e-03	 1.5166e-02	
 5.9959e-03	 1.5103e-02	
 5.9650e-03	 1.4883e-02	
 5.9437e-03	 1.4897e-02	
 5.9211e-03	 1.4932e-02	
 5.8986e-03	 1.4772e-02	
 5.8974e-03	 1.4624e-02	
 5.8725e-03	 1.4463e-02	
 5.8713e-03	 1.4280e-02	
 5.8060e-03	 1.4463e-02	
 5.8333e-03	 1.3912e-02	
 5.8381e-03	 1.4086e-02	
 5.7752e-03	 1.3924e-02	
 5.7752e-03	 1.3964e-02	
 5.7799e-03	 1.3856e-02	
 5.7645e-03	 1.3791e-02	
 5.7514e-03	 1.3814e-02	
 5.7502e-03	 1.3601e-02	
 5.7158e-03	 1.3515e-02	
 5.7052e-03	 1.3265e-02	
 5.7218e-03	 1.3151e-02	
 5.7170e-03	 1.3292e-02	
 5.7135e-03	 1.2978e-02	
 5.6850e-03	 1.3108e-02	
 5.6779e-03	 1.3029e-02	
 5.6767e-03	 1.2797e-02	
 5.6541e-03	 1.2746e-02	
 5.6185e-03	 1.2833e-02	
 5.6458e-03	 1.2756e-02	
 5.6257e-03	 1.2712e-02	
 5.6458e-03	 1.2697e-02	
 5.6482e-03	 1.2714e-02	
 5.5960e-03	 1.2522e-02	
 5.6268e-03	 1.2250e-02	
 5.5758e-03	 1.2571e-02	
 5.5319e-03	 1.2341e-02	
 5.5580e-03	 1.2125e-02	
 5.5782e-03	 1.2179e-02	
 5.5367e-03	 1.2223e-02	
 5.5248e-03	 1.2065e-02	
 5.5236e-03	 1.1987e-02	
 5.4987e-03	 1.2122e-02	
 5.5046e-03	 1.2039e-02	
 5.5153e-03	 1.1826e-02	
 5.5117e-03	 1.1930e-02	
 5.5034e-03	 1.1604e-02	
 5.4809e-03	 1.1697e-02	
 5.4773e-03	 1.1752e-02	
 5.4465e-03	 1.1670e-02	
 5.4714e-03	 1.1535e-02	
 5.4370e-03	 1.1197e-02	
 5.4394e-03	 1.1438e-02	
 5.4334e-03	 1.1444e-02	
 5.4263e-03	 1.1376e-02	
 5.4417e-03	 1.1210e-02	
 5.4121e-03	 1.1228e-02	
 5.4168e-03	 1.1333e-02	
 5.4287e-03	 1.1143e-02	
 5.3777e-03	 1.0997e-02	
 5.3872e-03	 1.1071e-02	
 5.3670e-03	 1.0929e-02	
 5.3990e-03	 1.0931e-02	
 5.3682e-03	 1.0919e-02	
 5.3622e-03	 1.0931e-02	
 5.3682e-03	 1.1007e-02	
 5.3836e-03	 1.0924e-02	
 5.3717e-03	 1.0850e-02	
 5.3682e-03	 1.0724e-02	
 5.3385e-03	 1.0673e-02	
 5.3705e-03	 1.0824e-02	
 5.3005e-03	 1.0746e-02	
 5.3136e-03	 1.0695e-02	
 5.3207e-03	 1.0535e-02	
 5.3148e-03	 1.0449e-02	
 5.3243e-03	 1.0518e-02	
 5.3338e-03	 1.0517e-02	
 5.3017e-03	 1.0481e-02	
 5.3112e-03	 1.0213e-02	
 5.3302e-03	 1.0271e-02	
 5.2922e-03	 1.0361e-02	
 5.3338e-03	 1.0379e-02	
 5.3017e-03	 1.0295e-02	
 5.3005e-03	 1.0289e-02	
 5.2887e-03	 1.0329e-02	
 5.3029e-03	 1.0205e-02	
 5.3053e-03	 1.0109e-02	
 5.2958e-03	 1.0161e-02	
 5.2993e-03	 9.9164e-03	
 5.2721e-03	 1.0010e-02	
 5.2697e-03	 9.9164e-03	
 5.2531e-03	 1.0007e-02	
 5.2756e-03	 9.8428e-03	
 5.2602e-03	 9.8120e-03	
 5.2637e-03	 9.8606e-03	
 5.2459e-03	 9.8903e-03	
 5.2590e-03	 9.9710e-03	
 5.2507e-03	 9.8701e-03	
 5.2578e-03	 9.7550e-03	
 5.2483e-03	 9.8203e-03	
 5.2649e-03	 9.6613e-03	
 5.2293e-03	 9.9828e-03	
 5.2163e-03	 9.5830e-03	
 5.2080e-03	 9.6126e-03	
 5.2175e-03	 9.6245e-03	
 5.2353e-03	 9.6162e-03	
 5.2329e-03	 9.6755e-03	
 5.2400e-03	 9.5426e-03	
 5.2376e-03	 9.5260e-03	
 5.2305e-03	 9.6257e-03	
 5.2258e-03	 9.4216e-03	
 5.2341e-03	 9.3907e-03	
 5.2151e-03	 9.5462e-03	
 5.2139e-03	 9.3539e-03	
 5.2187e-03	 9.3504e-03	
 5.2258e-03	 9.3053e-03	
 5.2127e-03	 9.2792e-03	
 5.1961e-03	 9.3433e-03	
 5.2032e-03	 9.2768e-03	
 5.2293e-03	 9.2851e-03	
 5.1973e-03	 9.3433e-03	
 5.1795e-03	 9.1024e-03	
 5.1866e-03	 9.3160e-03	
 5.1724e-03	 9.1226e-03	
 5.1866e-03	 9.2448e-03	
 5.1712e-03	 9.0336e-03	
 5.1712e-03	 9.1475e-03	
 5.1676e-03	 8.9552e-03	
 5.1937e-03	 8.9814e-03	
 5.2032e-03	 9.0585e-03	
 5.1712e-03	 8.8781e-03	
 5.1700e-03	 8.8627e-03	
 5.1534e-03	 8.8793e-03	
 5.1570e-03	 8.9185e-03	
 5.1498e-03	 8.8318e-03	
 5.1688e-03	 8.8888e-03	
 5.1581e-03	 8.8900e-03	
 5.1439e-03	 8.8508e-03	
 5.1439e-03	 9.1059e-03	
 5.1688e-03	 8.8686e-03	
 5.1510e-03	 8.6989e-03	
 5.1439e-03	 8.6835e-03	
 5.1558e-03	 8.8152e-03	
 5.1510e-03	 8.8437e-03	
 5.1700e-03	 8.6681e-03	
 5.1463e-03	 8.6669e-03	
 5.1403e-03	 8.8046e-03	
 5.1427e-03	 8.6420e-03	
 5.1439e-03	 8.5043e-03	
 5.1356e-03	 8.6325e-03	
 5.1546e-03	 8.5921e-03	
 5.1214e-03	 8.4616e-03	
 5.1059e-03	 8.5577e-03	
 5.1368e-03	 8.4960e-03	
 5.1427e-03	 8.4901e-03	
 5.1237e-03	 8.4925e-03	
 5.1297e-03	 8.5732e-03	
 5.1024e-03	 8.6574e-03	
 5.1225e-03	 8.4782e-03	
 5.1047e-03	 8.3513e-03	
 5.1225e-03	 8.3216e-03	
 5.1154e-03	 8.4984e-03	
 5.0798e-03	 8.4355e-03	
 5.1142e-03	 8.2789e-03	
 5.1190e-03	 8.4438e-03	
 5.1059e-03	 8.3548e-03	
 5.0858e-03	 8.3786e-03	
 5.0893e-03	 8.4320e-03	
 5.0988e-03	 8.3916e-03	
 5.1071e-03	 8.3370e-03	
 5.1024e-03	 8.1519e-03	
 5.0952e-03	 8.2896e-03	
 5.1024e-03	 8.3797e-03	
 5.1190e-03	 8.2552e-03	
 5.0976e-03	 8.3869e-03	
 5.0834e-03	 8.1768e-03	
 5.0881e-03	 8.3086e-03	
 5.0585e-03	 8.2872e-03	
 5.0917e-03	 8.3489e-03	
 5.0644e-03	 8.2492e-03	
 5.0715e-03	 8.2136e-03	
 5.0537e-03	 8.1151e-03	
 5.0620e-03	 8.2184e-03	
 5.0691e-03	 8.0641e-03	
 5.0834e-03	 8.1555e-03	
 5.1012e-03	 8.2433e-03	
 5.0597e-03	 8.1721e-03	
 5.0834e-03	 8.0784e-03	
 5.0751e-03	 8.0285e-03	
 5.0869e-03	 8.0736e-03	
 5.0763e-03	 8.0012e-03	
 5.1024e-03	 8.1602e-03	
 5.0727e-03	 8.0558e-03	
 5.0727e-03	 8.0724e-03	
 5.0715e-03	 8.1306e-03	
 5.0573e-03	 7.8790e-03	
 5.0490e-03	 8.0024e-03	
 5.0490e-03	 7.8648e-03	
 5.0549e-03	 7.9858e-03	
 5.0680e-03	 7.9395e-03	
 5.0656e-03	 7.9502e-03	
 5.0632e-03	 7.9004e-03	
 5.0430e-03	 7.9277e-03	
 5.0632e-03	 7.8600e-03	
 5.0466e-03	 7.9834e-03	
 5.0549e-03	 7.9241e-03	
 5.0573e-03	 7.8814e-03	
 5.0478e-03	 7.8541e-03	
 5.0407e-03	 7.8600e-03	
 5.0276e-03	 7.7983e-03	
 5.0502e-03	 7.7509e-03	
 5.0430e-03	 7.8102e-03	
 5.0407e-03	 7.8292e-03	
 5.0430e-03	 7.8707e-03	
 5.0347e-03	 7.7271e-03	
 5.0703e-03	 7.7556e-03	
 5.0478e-03	 7.7959e-03	
 5.0383e-03	 7.8173e-03	
 5.0466e-03	 7.8007e-03	
 5.0371e-03	 7.6536e-03	
 5.0347e-03	 7.7247e-03	
 5.0205e-03	 7.7010e-03	
 5.0181e-03	 7.6583e-03	
 5.0300e-03	 7.6583e-03	
 5.0312e-03	 7.6073e-03	
 5.0229e-03	 7.7153e-03	
 5.0264e-03	 7.6654e-03	
 5.0252e-03	 7.6168e-03	
 5.0264e-03	 7.6061e-03	
 5.0359e-03	 7.6880e-03	
 5.0288e-03	 7.6168e-03	
 5.0466e-03	 7.6132e-03	
 5.0146e-03	 7.5598e-03	
 5.0217e-03	 7.5503e-03	
 5.0063e-03	 7.6108e-03	
 5.0383e-03	 7.5456e-03	
 5.0193e-03	 7.6619e-03	
 5.0110e-03	 7.5705e-03	
 5.0039e-03	 7.4945e-03	
 5.0003e-03	 7.4696e-03	
 5.0122e-03	 7.6630e-03	
 5.0264e-03	 7.4886e-03	
 5.0110e-03	 7.4696e-03	
 5.0086e-03	 7.4566e-03	
 4.9979e-03	 7.4412e-03	
 5.0146e-03	 7.5729e-03	
 5.0110e-03	 7.4815e-03	
 4.9956e-03	 7.4910e-03	
 5.0110e-03	 7.3901e-03	
 5.0110e-03	 7.7153e-03	
 4.9932e-03	 7.4269e-03	
 4.9956e-03	 7.4506e-03	
 5.0063e-03	 7.4637e-03	
 4.9968e-03	 7.5515e-03	
 4.9825e-03	 7.3901e-03	
 4.9908e-03	 7.3415e-03	
